d:\krest4\krest4\consoleapplication3\x64\debug\vc143.pdb
d:\krest4\krest4\consoleapplication3\x64\debug\vc143.idb
d:\krest4\krest4\consoleapplication3\x64\debug\player.obj
d:\krest4\krest4\consoleapplication3\x64\debug\inputengine.obj
d:\krest4\krest4\consoleapplication3\x64\debug\humanplayer.obj
d:\krest4\krest4\consoleapplication3\x64\debug\game.obj
d:\krest4\krest4\consoleapplication3\x64\debug\field.obj
d:\krest4\krest4\consoleapplication3\x64\debug\consoleapplication3.obj
d:\krest4\krest4\consoleapplication3\x64\debug\aiplayer.obj
d:\krest4\krest4\consoleapplication3\x64\debug\drawengine.obj
c:\krest4\consoleapplication3\x64\debug\vc143.pdb
c:\krest4\consoleapplication3\x64\debug\vc143.idb
c:\krest4\consoleapplication3\x64\debug\player.obj
c:\krest4\consoleapplication3\x64\debug\humanplayer.obj
c:\krest4\consoleapplication3\x64\debug\game.obj
c:\krest4\consoleapplication3\x64\debug\field.obj
c:\krest4\consoleapplication3\x64\debug\drawengine.obj
c:\krest4\consoleapplication3\x64\debug\consoleapplication3.obj
c:\krest4\consoleapplication3\x64\debug\aiplayer.obj
d:\krest4\krest4\x64\debug\consoleapplication3.exe
d:\krest4\krest4\consoleapplication3\x64\debug\consoleapplication3.ilk
d:\krest4\krest4\x64\debug\consoleapplication3.pdb
c:\krest4\consoleapplication3\x64\debug\consoleapplication3.ilk
c:\krest4\x64\debug\consoleapplication3.pdb
c:\krest4\x64\debug\consoleapplication3.exe
c:\krest4\consoleapplication3\x64\debug\consolea.bc71c65b.tlog\cl.command.1.tlog
c:\krest4\consoleapplication3\x64\debug\consolea.bc71c65b.tlog\cl.read.1.tlog
c:\krest4\consoleapplication3\x64\debug\consolea.bc71c65b.tlog\cl.write.1.tlog
c:\krest4\consoleapplication3\x64\debug\consolea.bc71c65b.tlog\link.command.1.tlog
c:\krest4\consoleapplication3\x64\debug\consolea.bc71c65b.tlog\link.read.1.tlog
c:\krest4\consoleapplication3\x64\debug\consolea.bc71c65b.tlog\link.write.1.tlog
